###############################################################################
#                                                                             #
# IAR C/C++ Compiler V7.51A/W32 for 8051                20/Aug/2012  16:05:25 #
# Copyright 2004-2009 IAR Systems AB.                                         #
#                                                                             #
#    Core               =  plain                                              #
#    Code model         =  banked                                             #
#    Data model         =  large                                              #
#    Calling convention =  xdata reentrant                                    #
#    Constant location  =  data_rom                                           #
#    Dptr setup         =  1,16                                               #
#    Source file        =  C:\Texas Instruments\ZStack-CC2530-2.3.0-1.4.0\Pro #
#                          jects\zstack\Samples\GenericApp\Source\Coordinator #
#                          .c                                                 #
#    Command line       =  -f "C:\Texas Instruments\ZStack-CC2530-2.3.0-1.4.0 #
#                          \Projects\zstack\Samples\GenericApp\CC2530DB\..\.. #
#                          \..\Tools\CC2530DB\f8wCoord.cfg" (-DCPU32MHZ       #
#                          -DROOT=__near_func -DMAC_CFG_APP_PENDING_QUEUE=TRU #
#                          E -DZDO_COORDINATOR -DRTR_NWK -DBLINK_LEDS) -f     #
#                          "C:\Texas Instruments\ZStack-CC2530-2.3.0-1.4.0\Pr #
#                          ojects\zstack\Samples\GenericApp\CC2530DB\..\..\.. #
#                          \Tools\CC2530DB\f8wConfig.cfg" (-DSECURE=0         #
#                          -DZG_SECURE_DYNAMIC=0 -DREFLECTOR                  #
#                          -DDEFAULT_CHANLIST=0x00000800                      #
#                          -DZDAPP_CONFIG_PAN_ID=0xFFF1                       #
#                          -DNWK_START_DELAY=100 -DEXTENDED_JOINING_RANDOM_MA #
#                          SK=0x007F -DBEACON_REQUEST_DELAY=100               #
#                          -DBEACON_REQ_DELAY_MASK=0x00FF                     #
#                          -DROUTE_EXPIRY_TIME=30 -DAPSC_ACK_WAIT_DURATION_PO #
#                          LLED=3000 -DNWK_INDIRECT_MSG_TIMEOUT=7             #
#                          -DMAX_RREQ_ENTRIES=8 -DAPSC_MAX_FRAME_RETRIES=3    #
#                          -DNWK_MAX_DATA_RETRIES=2                           #
#                          -DMAX_POLL_FAILURE_RETRIES=2 -DMAX_BCAST=9         #
#                          -DAPS_MAX_GROUPS=16 -DMAX_RTG_ENTRIES=40           #
#                          -DNWK_MAX_BINDING_ENTRIES=4                        #
#                          -DMAX_BINDING_CLUSTER_IDS=4 "-DDEFAULT_KEY={0x01,  #
#                          0x03, 0x05, 0x07, 0x09, 0x0B, 0x0D, 0x0F, 0x00,    #
#                          0x02, 0x04, 0x06, 0x08, 0x0A, 0x0C, 0x0D}"         #
#                          -DMAC_MAX_FRAME_SIZE=116 "-DCONST=const __code"    #
#                          -DGENERIC=__generic -DRFD_RCVC_ALWAYS_ON=FALSE     #
#                          -DPOLL_RATE=1000 -DQUEUED_POLL_RATE=100            #
#                          -DRESPONSE_POLL_RATE=100) -DREJOIN_POLL_RATE=440   #
#                          "C:\Texas Instruments\ZStack-CC2530-2.3.0-1.4.0\Pr #
#                          ojects\zstack\Samples\GenericApp\Source\Coordinato #
#                          r.c" -D ZTOOL_P1 -D MT_TASK -D MT_SYS_FUNC -D      #
#                          MT_ZDO_FUNC -D LCD_SUPPORTED=DEBUG -lC "C:\Texas   #
#                          Instruments\ZStack-CC2530-2.3.0-1.4.0\Projects\zst #
#                          ack\Samples\GenericApp\CC2530DB\CoordinatorEB\List #
#                          \" -lA "C:\Texas Instruments\ZStack-CC2530-2.3.0-1 #
#                          .4.0\Projects\zstack\Samples\GenericApp\CC2530DB\C #
#                          oordinatorEB\List\" --diag_suppress Pe001,Pa010    #
#                          -o "C:\Texas Instruments\ZStack-CC2530-2.3.0-1.4.0 #
#                          \Projects\zstack\Samples\GenericApp\CC2530DB\Coord #
#                          inatorEB\Obj\" -e --require_prototypes --debug     #
#                          --core=plain --dptr=16,1 --data_model=large        #
#                          --code_model=banked --calling_convention=xdata_ree #
#                          ntrant --place_constants=data_rom                  #
#                          --nr_virtual_regs 16 -I "C:\Texas                  #
#                          Instruments\ZStack-CC2530-2.3.0-1.4.0\Projects\zst #
#                          ack\Samples\GenericApp\CC2530DB\" -I "C:\Texas     #
#                          Instruments\ZStack-CC2530-2.3.0-1.4.0\Projects\zst #
#                          ack\Samples\GenericApp\CC2530DB\..\SOURCE\" -I     #
#                          "C:\Texas Instruments\ZStack-CC2530-2.3.0-1.4.0\Pr #
#                          ojects\zstack\Samples\GenericApp\CC2530DB\..\..\.. #
#                          \ZMAIN\TI2530DB\" -I "C:\Texas                     #
#                          Instruments\ZStack-CC2530-2.3.0-1.4.0\Projects\zst #
#                          ack\Samples\GenericApp\CC2530DB\..\..\..\..\..\COM #
#                          PONENTS\MT\" -I "C:\Texas                          #
#                          Instruments\ZStack-CC2530-2.3.0-1.4.0\Projects\zst #
#                          ack\Samples\GenericApp\CC2530DB\..\..\..\..\..\COM #
#                          PONENTS\HAL\INCLUDE\" -I "C:\Texas                 #
#                          Instruments\ZStack-CC2530-2.3.0-1.4.0\Projects\zst #
#                          ack\Samples\GenericApp\CC2530DB\..\..\..\..\..\COM #
#                          PONENTS\HAL\TARGET\CC2530EB\" -I "C:\Texas         #
#                          Instruments\ZStack-CC2530-2.3.0-1.4.0\Projects\zst #
#                          ack\Samples\GenericApp\CC2530DB\..\..\..\..\..\COM #
#                          PONENTS\OSAL\MCU\CCSOC\" -I "C:\Texas              #
#                          Instruments\ZStack-CC2530-2.3.0-1.4.0\Projects\zst #
#                          ack\Samples\GenericApp\CC2530DB\..\..\..\..\..\COM #
#                          PONENTS\OSAL\INCLUDE\" -I "C:\Texas                #
#                          Instruments\ZStack-CC2530-2.3.0-1.4.0\Projects\zst #
#                          ack\Samples\GenericApp\CC2530DB\..\..\..\..\..\COM #
#                          PONENTS\STACK\AF\" -I "C:\Texas                    #
#                          Instruments\ZStack-CC2530-2.3.0-1.4.0\Projects\zst #
#                          ack\Samples\GenericApp\CC2530DB\..\..\..\..\..\COM #
#                          PONENTS\STACK\NWK\" -I "C:\Texas                   #
#                          Instruments\ZStack-CC2530-2.3.0-1.4.0\Projects\zst #
#                          ack\Samples\GenericApp\CC2530DB\..\..\..\..\..\COM #
#                          PONENTS\STACK\SEC\" -I "C:\Texas                   #
#                          Instruments\ZStack-CC2530-2.3.0-1.4.0\Projects\zst #
#                          ack\Samples\GenericApp\CC2530DB\..\..\..\..\..\COM #
#                          PONENTS\STACK\SAPI\" -I "C:\Texas                  #
#                          Instruments\ZStack-CC2530-2.3.0-1.4.0\Projects\zst #
#                          ack\Samples\GenericApp\CC2530DB\..\..\..\..\..\COM #
#                          PONENTS\STACK\SYS\" -I "C:\Texas                   #
#                          Instruments\ZStack-CC2530-2.3.0-1.4.0\Projects\zst #
#                          ack\Samples\GenericApp\CC2530DB\..\..\..\..\..\COM #
#                          PONENTS\STACK\ZDO\" -I "C:\Texas                   #
#                          Instruments\ZStack-CC2530-2.3.0-1.4.0\Projects\zst #
#                          ack\Samples\GenericApp\CC2530DB\..\..\..\..\..\COM #
#                          PONENTS\ZMAC\F8W\" -I "C:\Texas                    #
#                          Instruments\ZStack-CC2530-2.3.0-1.4.0\Projects\zst #
#                          ack\Samples\GenericApp\CC2530DB\..\..\..\..\..\COM #
#                          PONENTS\ZMAC\" -I "C:\Texas                        #
#                          Instruments\ZStack-CC2530-2.3.0-1.4.0\Projects\zst #
#                          ack\Samples\GenericApp\CC2530DB\..\..\..\..\..\COM #
#                          PONENTS\SERVICES\SADDR\" -I "C:\Texas              #
#                          Instruments\ZStack-CC2530-2.3.0-1.4.0\Projects\zst #
#                          ack\Samples\GenericApp\CC2530DB\..\..\..\..\..\COM #
#                          PONENTS\SERVICES\SDATA\" -I "C:\Texas              #
#                          Instruments\ZStack-CC2530-2.3.0-1.4.0\Projects\zst #
#                          ack\Samples\GenericApp\CC2530DB\..\..\..\..\..\COM #
#                          PONENTS\MAC\INCLUDE\" -I "C:\Texas                 #
#                          Instruments\ZStack-CC2530-2.3.0-1.4.0\Projects\zst #
#                          ack\Samples\GenericApp\CC2530DB\..\..\..\..\..\COM #
#                          PONENTS\MAC\HIGH_LEVEL\" -I "C:\Texas              #
#                          Instruments\ZStack-CC2530-2.3.0-1.4.0\Projects\zst #
#                          ack\Samples\GenericApp\CC2530DB\..\..\..\..\..\COM #
#                          PONENTS\MAC\LOW_LEVEL\srf04\" -I "C:\Texas         #
#                          Instruments\ZStack-CC2530-2.3.0-1.4.0\Projects\zst #
#                          ack\Samples\GenericApp\CC2530DB\..\..\..\..\..\COM #
#                          PONENTS\MAC\LOW_LEVEL\srf04\SINGLE_CHIP\" -I       #
#                          "C:\Program Files\IAR Systems\Embedded Workbench   #
#                          5.3 Evaluation version\8051\INC\" -I "C:\Program   #
#                          Files\IAR Systems\Embedded Workbench 5.3           #
#                          Evaluation version\8051\INC\CLIB\" -Ohz            #
#    List file          =  C:\Texas Instruments\ZStack-CC2530-2.3.0-1.4.0\Pro #
#                          jects\zstack\Samples\GenericApp\CC2530DB\Coordinat #
#                          orEB\List\Coordinator.lst                          #
#    Object file        =  C:\Texas Instruments\ZStack-CC2530-2.3.0-1.4.0\Pro #
#                          jects\zstack\Samples\GenericApp\CC2530DB\Coordinat #
#                          orEB\Obj\Coordinator.r51                           #
#                                                                             #
#                                                                             #
###############################################################################

C:\Texas Instruments\ZStack-CC2530-2.3.0-1.4.0\Projects\zstack\Samples\GenericApp\Source\Coordinator.c
      1          #include "OSAL.h"
      2          #include "AF.h"
      3          #include "ZDApp.h"
      4          #include "ZDObject.h"
      5          #include "ZDProfile.h"
      6          #include <string.h>
      7          
      8          #include "Coordinator.h"
      9          
     10          #include "DebugTrace.h"
     11          #if !defined(WIN32)
     12          #include "OnBoard.h"
     13          #endif
     14          
     15          #include "hal_led.h"
     16          
     17          #include "hal_key.h"
     18          #include "hal_uart.h"
     19          #include "OSAL_Nv.h"
     20          
     21          
     22          #define SEND_TO_ALL_EVENT		0x01
     23          

   \                                 In  segment XDATA_ROM_C, align 1
     24          const cId_t GenericApp_ClusterList[GENERICAPP_MAX_CLUSTERS]={
   \                     GenericApp_ClusterList:
   \   000000   0100         DW 1
     25          GENERICAPP_CLUSTERID  \
     26           };

   \                                 In  segment XDATA_ROM_C, align 1
     27          const SimpleDescriptionFormat_t GenericApp_SimpleDesc=
   \                     GenericApp_SimpleDesc:
   \   000000   0A           DB 10
   \   000001   040F0100     DW 3844, 1
   \   000005   0001         DB 0, 1
   \   000007   ....         DW GenericApp_ClusterList
   \   000009   00           DB 0
   \   00000A   0000         DW 0H
     28          {
     29            GENERICAPP_ENDPOINT,
     30            GENERICAPP_PROFID,
     31            GENERICAPP_DEVICEID,
     32            GENERICAPP_DEVICE_VERSION,
     33            GENERICAPP_FLAGS,
     34            GENERICAPP_MAX_CLUSTERS,
     35            (cId_t *)GenericApp_ClusterList,
     36            0,
     37            (cId_t *)NULL
     38          };
     39          
     40          

   \                                 In  segment XDATA_Z, align 1, keep-with-next
     41          endPointDesc_t GenericApp_epDesc;
   \                     GenericApp_epDesc:
   \   000000                DS 6
   \   000006                REQUIRE __INIT_XDATA_Z

   \                                 In  segment XDATA_Z, align 1, keep-with-next
     42          devStates_t GenericApp_NwkState;
   \                     GenericApp_NwkState:
   \   000000                DS 1
   \   000001                REQUIRE __INIT_XDATA_Z
     43          

   \                                 In  segment XDATA_Z, align 1, keep-with-next
     44          byte GenericApp_TaskID;
   \                     GenericApp_TaskID:
   \   000000                DS 1
   \   000001                REQUIRE __INIT_XDATA_Z

   \                                 In  segment XDATA_Z, align 1, keep-with-next
     45          byte GenericApp_TransID;
   \                     GenericApp_TransID:
   \   000000                DS 1
   \   000001                REQUIRE __INIT_XDATA_Z

   \                                 In  segment XDATA_Z, align 1, keep-with-next
     46          RFTX nodeinfo[3];
   \                     nodeinfo:
   \   000000                DS 54
   \   000036                REQUIRE __INIT_XDATA_Z

   \                                 In  segment XDATA_Z, align 1, keep-with-next
     47          uint8 nodenum=0;
   \                     nodenum:
   \   000000                DS 1
   \   000001                REQUIRE __INIT_XDATA_Z
     48          //unsigned char uartbuf[128];
     49          
     50          void GenericApp_MessageMSGCB(afIncomingMSGPacket_t *pckt);
     51          void GenericApp_SendTheMessage(void);
     52          /*
     53          static void rxCB(uint8 port, uint8 event);
     54          static void rxCB(uint8 port, uint8 event)
     55          {
     56               unsigned char changeline[2]={0x0A,0x0D};
     57               uint8 buf[8];
     58               uint8 i=0;
     59               HalUARTRead(0,buf,8);
     60                
     61              if(osal_memcmp(buf,"topology",8))
     62                {
     63                  for(i=0;i<3;i++)
     64                  {
     65                    HalUARTWrite(0,nodeinfo[i].type,3);
     66                    HalUARTWrite(0,"  NWK:  ",8);
     67                    HalUARTWrite(0,nodeinfo[i].myNWK,4);
     68                    HalUARTWrite(0,"  pNWK:  ",9);
     69                    HalUARTWrite(0,nodeinfo[i].pNWK,4);
     70                    HalUARTWrite(0,changeline,2);
     71                  }
     72                }
     73          }*/
     74          

   \                                 In  segment BANKED_CODE, align 1, keep-with-next
     75          void GenericApp_Init(byte task_id)
   \                     GenericApp_Init:
     76          {
   \   000000   C082         PUSH    DPL
   \   000002   C083         PUSH    DPH
   \   000004                ; Saved register size: 2
   \   000004                ; Auto size: 29
   \   000004   74E3         MOV     A,#-0x1d
   \   000006   12....       LCALL   ?ALLOC_XSTACK8
     77          	halUARTCfg_t uartConfig;
     78          	
     79          	GenericApp_TaskID		=task_id;
   \   000009   E9           MOV     A,R1
   \   00000A   90....       MOV     DPTR,#GenericApp_TaskID
   \   00000D   F0           MOVX    @DPTR,A
     80          	GenericApp_TransID		=0;
   \   00000E   E4           CLR     A
   \   00000F   90....       MOV     DPTR,#GenericApp_TransID
   \   000012   F0           MOVX    @DPTR,A
     81          	GenericApp_epDesc.endPoint=GENERICAPP_ENDPOINT;
   \   000013   740A         MOV     A,#0xa
   \   000015   90....       MOV     DPTR,#GenericApp_epDesc
   \   000018   F0           MOVX    @DPTR,A
     82          	GenericApp_epDesc.task_id=&GenericApp_TaskID;
   \   000019   90....       MOV     DPTR,#(GenericApp_epDesc + 1)
   \   00001C   74..         MOV     A,#(GenericApp_TaskID & 0xff)
   \   00001E   F0           MOVX    @DPTR,A
   \   00001F   A3           INC     DPTR
   \   000020   74..         MOV     A,#((GenericApp_TaskID >> 8) & 0xff)
   \   000022   F0           MOVX    @DPTR,A
     83          	GenericApp_epDesc.simpleDesc=(SimpleDescriptionFormat_t *)&GenericApp_SimpleDesc;
   \   000023   90....       MOV     DPTR,#(GenericApp_epDesc + 3)
   \   000026   74..         MOV     A,#(GenericApp_SimpleDesc & 0xff)
   \   000028   F0           MOVX    @DPTR,A
   \   000029   A3           INC     DPTR
   \   00002A   74..         MOV     A,#((GenericApp_SimpleDesc >> 8) & 0xff)
   \   00002C   F0           MOVX    @DPTR,A
     84          	GenericApp_epDesc.latencyReq=noLatencyReqs;
   \   00002D   E4           CLR     A
   \   00002E   90....       MOV     DPTR,#(GenericApp_epDesc + 5)
   \   000031   F0           MOVX    @DPTR,A
     85          	afRegister(&GenericApp_epDesc);
   \   000032                ; Setup parameters for call to function afRegister
   \   000032   7A..         MOV     R2,#(GenericApp_epDesc & 0xff)
   \   000034   7B..         MOV     R3,#((GenericApp_epDesc >> 8) & 0xff)
   \   000036   12....       LCALL   ??afRegister?relay
     86          
     87          	uartConfig.configured		=TRUE;
   \   000039   7401         MOV     A,#0x1
   \   00003B   85..82       MOV     DPL,?XSP + 0
   \   00003E   85..83       MOV     DPH,?XSP + 1
   \   000041   F0           MOVX    @DPTR,A
     88          	uartConfig.baudRate		=HAL_UART_BR_115200;
   \   000042   12....       LCALL   ?XSTACK_DISP0_8
   \   000045   7404         MOV     A,#0x4
   \   000047   F0           MOVX    @DPTR,A
     89          	uartConfig.flowControl		=FALSE;
   \   000048   7402         MOV     A,#0x2
   \   00004A   12....       LCALL   ?XSTACK_DISP0_8
   \   00004D   E4           CLR     A
   \   00004E   F0           MOVX    @DPTR,A
     90          	uartConfig.callBackFunc		=NULL;
   \   00004F   741B         MOV     A,#0x1b
   \   000051   12....       LCALL   ?XSTACK_DISP0_8
   \   000054   E4           CLR     A
   \   000055   F0           MOVX    @DPTR,A
   \   000056   A3           INC     DPTR
   \   000057   F0           MOVX    @DPTR,A
     91          	HalUARTOpen(0,&uartConfig);
   \   000058                ; Setup parameters for call to function HalUARTOpen
   \   000058   85..82       MOV     DPL,?XSP + 0
   \   00005B   85..83       MOV     DPH,?XSP + 1
   \   00005E   AA82         MOV     R2,DPL
   \   000060   AB83         MOV     R3,DPH
   \   000062   F9           MOV     R1,A
   \   000063   12....       LCALL   ??HalUARTOpen?relay
     92          
     93          	
     94          	
     95          }
   \   000066   741D         MOV     A,#0x1d
   \   000068   12....       LCALL   ?DEALLOC_XSTACK8
   \   00006B   D083         POP     DPH
   \   00006D   D082         POP     DPL
   \   00006F   02....       LJMP    ?BRET

   \                                 In  segment BANKED_CODE, align 1, keep-with-next
     96          UINT16 GenericApp_ProcessEvent(byte tadk_id,UINT16 events)
   \                     GenericApp_ProcessEvent:
     97          {
   \   000000   74F4         MOV     A,#-0xc
   \   000002   12....       LCALL   ?BANKED_ENTER_XDATA
   \   000005                ; Saved register size: 12
   \   000005                ; Auto size: 0
   \   000005   8A..         MOV     ?V0 + 0,R2
   \   000007   8B..         MOV     ?V0 + 1,R3
     98          	afIncomingMSGPacket_t *MSGpkt;
     99          	if(events&SYS_EVENT_MSG)
   \   000009   7480         MOV     A,#-0x80
   \   00000B   55..         ANL     A,?V0 + 1
   \   00000D   F9           MOV     R1,A
   \   00000E   E4           CLR     A
   \   00000F   7001         JNZ     ??GenericApp_ProcessEvent_0
   \   000011   E9           MOV     A,R1
   \                     ??GenericApp_ProcessEvent_0:
   \   000012   6038         JZ      ??GenericApp_ProcessEvent_1
    100          		{
    101          			MSGpkt=(afIncomingMSGPacket_t *)osal_msg_receive(GenericApp_TaskID);
   \   000014                ; Setup parameters for call to function osal_msg_receive
   \   000014   8017         SJMP    ??GenericApp_ProcessEvent_2
    102          			while(MSGpkt)
    103          				{
    104          					switch(MSGpkt->hdr.event)
   \                     ??GenericApp_ProcessEvent_3:
   \   000016   8E82         MOV     DPL,R6
   \   000018   8F83         MOV     DPH,R7
   \   00001A   E0           MOVX    A,@DPTR
   \   00001B   641A         XRL     A,#0x1a
   \   00001D   7007         JNZ     ??GenericApp_ProcessEvent_4
    105          						{
    106          							case AF_INCOMING_MSG_CMD:
    107          								GenericApp_MessageMSGCB(MSGpkt);
   \   00001F                ; Setup parameters for call to function GenericApp_MessageMSGCB
   \   00001F   EE           MOV     A,R6
   \   000020   FA           MOV     R2,A
   \   000021   EF           MOV     A,R7
   \   000022   FB           MOV     R3,A
   \   000023   12....       LCALL   ??GenericApp_MessageMSGCB?relay
    108          								break;
    109          							
    110          						        default:
    111          									break;
    112          						}
    113          					osal_msg_deallocate((uint8 *) MSGpkt);
   \                     ??GenericApp_ProcessEvent_4:
   \   000026                ; Setup parameters for call to function osal_msg_deallocate
   \   000026   EE           MOV     A,R6
   \   000027   FA           MOV     R2,A
   \   000028   EF           MOV     A,R7
   \   000029   FB           MOV     R3,A
   \   00002A   12....       LCALL   ??osal_msg_deallocate?relay
    114          					MSGpkt=(afIncomingMSGPacket_t *)osal_msg_receive(GenericApp_TaskID);
   \   00002D                ; Setup parameters for call to function osal_msg_receive
   \                     ??GenericApp_ProcessEvent_2:
   \   00002D   90....       MOV     DPTR,#GenericApp_TaskID
   \   000030   E0           MOVX    A,@DPTR
   \   000031   F9           MOV     R1,A
   \   000032   12....       LCALL   ??osal_msg_receive?relay
   \   000035   8A..         MOV     ?V0 + 2,R2
   \   000037   8B..         MOV     ?V0 + 3,R3
   \   000039   AE..         MOV     R6,?V0 + 2
   \   00003B   AF..         MOV     R7,?V0 + 3
    115          				}
   \   00003D   EE           MOV     A,R6
   \   00003E   7001         JNZ     ??GenericApp_ProcessEvent_5
   \   000040   EF           MOV     A,R7
   \                     ??GenericApp_ProcessEvent_5:
   \   000041   70D3         JNZ     ??GenericApp_ProcessEvent_3
    116          			return (events ^SYS_EVENT_MSG);
   \   000043   AA..         MOV     R2,?V0 + 0
   \   000045   7480         MOV     A,#-0x80
   \   000047   65..         XRL     A,?V0 + 1
   \   000049   FB           MOV     R3,A
   \   00004A   8004         SJMP    ??GenericApp_ProcessEvent_6
    117          		}
    118          		
    119          	return 0;
   \                     ??GenericApp_ProcessEvent_1:
   \   00004C   7A00         MOV     R2,#0x0
   \   00004E   7B00         MOV     R3,#0x0
   \                     ??GenericApp_ProcessEvent_6:
   \   000050   7F04         MOV     R7,#0x4
   \   000052   02....       LJMP    ?BANKED_LEAVE_XDATA
    120          }

   \                                 In  segment BANKED_CODE, align 1, keep-with-next
    121          void GenericApp_MessageMSGCB(afIncomingMSGPacket_t * pkt)
   \                     GenericApp_MessageMSGCB:
    122          {
   \   000000   74F5         MOV     A,#-0xb
   \   000002   12....       LCALL   ?BANKED_ENTER_XDATA
   \   000005                ; Saved register size: 11
   \   000005                ; Auto size: 20
   \   000005   74EC         MOV     A,#-0x14
   \   000007   12....       LCALL   ?ALLOC_XSTACK8
    123          	RFTX rftx;
    124                  unsigned char changeline[2]={0x0A,0x0D};
   \   00000A   85..82       MOV     DPL,?XSP + 0
   \   00000D   85..83       MOV     DPH,?XSP + 1
   \   000010   AC82         MOV     R4,DPL
   \   000012   AD83         MOV     R5,DPH
   \   000014   7583..       MOV     DPH,#((`?<Constant {10, 13}>` >> 8) & 0xff)
   \   000017   7582..       MOV     DPL,#(`?<Constant {10, 13}>` & 0xff)
   \   00001A   7402         MOV     A,#0x2
   \   00001C   12....       LCALL   ?MOVE_LONG8_XDATA_XDATA
    125                  switch(pkt->clusterId)
   \   00001F   8A82         MOV     DPL,R2
   \   000021   8B83         MOV     DPH,R3
   \   000023   A3           INC     DPTR
   \   000024   A3           INC     DPTR
   \   000025   A3           INC     DPTR
   \   000026   A3           INC     DPTR
   \   000027   E0           MOVX    A,@DPTR
   \   000028   6401         XRL     A,#0x1
   \   00002A   7002         JNZ     ??GenericApp_MessageMSGCB_0
   \   00002C   A3           INC     DPTR
   \   00002D   E0           MOVX    A,@DPTR
   \                     ??GenericApp_MessageMSGCB_0:
   \   00002E   7053         JNZ     ??GenericApp_MessageMSGCB_1
    126                  {
    127                  case GENERICAPP_CLUSTERID:
    128                    osal_memcpy(&rftx,pkt->cmd.Data,sizeof(rftx));
   \   000030                ; Setup parameters for call to function osal_memcpy
   \   000030   EA           MOV     A,R2
   \   000031   2421         ADD     A,#0x21
   \   000033   F582         MOV     DPL,A
   \   000035   EB           MOV     A,R3
   \   000036   3400         ADDC    A,#0x0
   \   000038   F583         MOV     DPH,A
   \   00003A   E0           MOVX    A,@DPTR
   \   00003B   F5..         MOV     ?V0 + 0,A
   \   00003D   A3           INC     DPTR
   \   00003E   E0           MOVX    A,@DPTR
   \   00003F   F5..         MOV     ?V0 + 1,A
   \   000041   75..00       MOV     ?V0 + 2,#0x0
   \   000044   78..         MOV     R0,#?V0 + 0
   \   000046   12....       LCALL   ?PUSH_XSTACK_I_THREE
   \   000049   7C12         MOV     R4,#0x12
   \   00004B   7D00         MOV     R5,#0x0
   \   00004D   7405         MOV     A,#0x5
   \   00004F   12....       LCALL   ?XSTACK_DISP0_8
   \   000052   AA82         MOV     R2,DPL
   \   000054   AB83         MOV     R3,DPH
   \   000056   12....       LCALL   ??osal_memcpy?relay
   \   000059   7403         MOV     A,#0x3
   \   00005B   12....       LCALL   ?DEALLOC_XSTACK8
    129                    HalUARTWrite(0,rftx.databuf,sizeof(rftx));
   \   00005E                ; Setup parameters for call to function HalUARTWrite
   \   00005E   7C12         MOV     R4,#0x12
   \   000060   7D00         MOV     R5,#0x0
   \   000062   7402         MOV     A,#0x2
   \   000064   12....       LCALL   ?XSTACK_DISP0_8
   \   000067   AA82         MOV     R2,DPL
   \   000069   AB83         MOV     R3,DPH
   \   00006B   7900         MOV     R1,#0x0
   \   00006D   12....       LCALL   ??HalUARTWrite?relay
    130                    HalUARTWrite(0,changeline,2);
   \   000070                ; Setup parameters for call to function HalUARTWrite
   \   000070   7C02         MOV     R4,#0x2
   \   000072   7D00         MOV     R5,#0x0
   \   000074   85..82       MOV     DPL,?XSP + 0
   \   000077   85..83       MOV     DPH,?XSP + 1
   \   00007A   AA82         MOV     R2,DPL
   \   00007C   AB83         MOV     R3,DPH
   \   00007E   7900         MOV     R1,#0x0
   \   000080   12....       LCALL   ??HalUARTWrite?relay
    131                    break;
    132                  }
    133          }
   \                     ??GenericApp_MessageMSGCB_1:
   \   000083   7414         MOV     A,#0x14
   \   000085   12....       LCALL   ?DEALLOC_XSTACK8
   \   000088   7F03         MOV     R7,#0x3
   \   00008A   02....       LJMP    ?BANKED_LEAVE_XDATA

   \                                 In  segment BANKED_CODE, align 1, keep-with-next
    134          void GenericApp_SendTheMessage(void)
   \                     GenericApp_SendTheMessage:
    135          {
   \   000000                ; Saved register size: 0
   \   000000                ; Auto size: 0
    136          	/*unsigned char *theMessageData="Coordinator send!";
    137          	afAddrType_t my_DstAddr;
    138          	my_DstAddr.addrMode=(afAddrMode_t)AddrGroup;
    139          	my_DstAddr.endPoint=GENERICAPP_ENDPOINT;
    140          	my_DstAddr.addr.shortAddr=GenericApp_Group.ID;
    141          	AF_DataRequest(&my_DstAddr,
    142          		&GenericApp_epDesc,
    143          		GENERICAPP_CLUSTERID,
    144          		osal_strlen(theMessageData)+1,
    145          		theMessageData,
    146          		&GenericApp_TransID,
    147          		AF_DISCV_ROUTE,
    148          		AF_DEFAULT_RADIUS);*/
    149          }
   \   000000   02....       LJMP    ?BRET

   \                                 In  segment BANK_RELAYS, align 1
   \                     ??GenericApp_Init?relay:
   \   000000   12....       LCALL   ?BDISPATCH
   \   000003   ......       DC24    GenericApp_Init

   \                                 In  segment BANK_RELAYS, align 1
   \                     ??GenericApp_ProcessEvent?relay:
   \   000000   12....       LCALL   ?BDISPATCH
   \   000003   ......       DC24    GenericApp_ProcessEvent

   \                                 In  segment BANK_RELAYS, align 1
   \                     ??GenericApp_MessageMSGCB?relay:
   \   000000   12....       LCALL   ?BDISPATCH
   \   000003   ......       DC24    GenericApp_MessageMSGCB

   \                                 In  segment BANK_RELAYS, align 1
   \                     ??GenericApp_SendTheMessage?relay:
   \   000000   12....       LCALL   ?BDISPATCH
   \   000003   ......       DC24    GenericApp_SendTheMessage

   \                                 In  segment XDATA_ROM_C, align 1
   \                     `?<Constant {10, 13}>`:
   \   000000   0A0D         DB 10, 13

   Maximum stack usage in bytes:

     Function                     ISTACK PSTACK XSTACK
     --------                     ------ ------ ------
     GenericApp_Init                  3      0     29
       -> afRegister                  4      0     58
       -> HalUARTOpen                 4      0     58
     GenericApp_MessageMSGCB          2      0     46
       -> osal_memcpy                 0      0     68
       -> HalUARTWrite                0      0     62
       -> HalUARTWrite                0      0     62
     GenericApp_ProcessEvent          0      0     12
       -> osal_msg_receive            0      0     24
       -> GenericApp_MessageMSGCB     0      0     24
       -> osal_msg_deallocate         0      0     24
       -> osal_msg_receive            0      0     24
     GenericApp_SendTheMessage        0      0      0


   Segment part sizes:

     Function/Label                    Bytes
     --------------                    -----
     GenericApp_ClusterList               2
     GenericApp_SimpleDesc               12
     GenericApp_epDesc                    6
     GenericApp_NwkState                  1
     GenericApp_TaskID                    1
     GenericApp_TransID                   1
     nodeinfo                            54
     nodenum                              1
     GenericApp_Init                    114
     GenericApp_ProcessEvent             85
     GenericApp_MessageMSGCB            141
     GenericApp_SendTheMessage            3
     ??GenericApp_Init?relay              6
     ??GenericApp_ProcessEvent?relay      6
     ??GenericApp_MessageMSGCB?relay      6
     ??GenericApp_SendTheMessage?relay    6
     ?<Constant {10, 13}>                 2

 
 343 bytes in segment BANKED_CODE
  24 bytes in segment BANK_RELAYS
  16 bytes in segment XDATA_ROM_C
  64 bytes in segment XDATA_Z
 
 367 bytes of CODE  memory
  16 bytes of CONST memory
  64 bytes of XDATA memory

Errors: none
Warnings: none
