###############################################################################
#                                                                             #
# IAR C/C++ Compiler V7.51A/W32 for 8051                17/Aug/2012  16:09:18 #
# Copyright 2004-2009 IAR Systems AB.                                         #
#                                                                             #
#    Core               =  plain                                              #
#    Code model         =  banked                                             #
#    Data model         =  large                                              #
#    Calling convention =  xdata reentrant                                    #
#    Constant location  =  data_rom                                           #
#    Dptr setup         =  1,16                                               #
#    Source file        =  C:\Texas Instruments\ZStack-CC2530-2.3.0-1.4.0\Pro #
#                          jects\zstack\Samples\GenericApp\Source\Enddevice.c #
#    Command line       =  -f "C:\Texas Instruments\ZStack-CC2530-2.3.0-1.4.0 #
#                          \Projects\zstack\Samples\GenericApp\CC2530DB\..\.. #
#                          \..\Tools\CC2530DB\f8wEndev.cfg" (-DCPU32MHZ       #
#                          -DROOT=__near_func -DBLINK_LEDS) -f "C:\Texas      #
#                          Instruments\ZStack-CC2530-2.3.0-1.4.0\Projects\zst #
#                          ack\Samples\GenericApp\CC2530DB\..\..\..\Tools\CC2 #
#                          530DB\f8wConfig.cfg" (-DSECURE=0                   #
#                          -DZG_SECURE_DYNAMIC=0 -DREFLECTOR                  #
#                          -DDEFAULT_CHANLIST=0x00000800                      #
#                          -DZDAPP_CONFIG_PAN_ID=0xFFF1                       #
#                          -DNWK_START_DELAY=100 -DEXTENDED_JOINING_RANDOM_MA #
#                          SK=0x007F -DBEACON_REQUEST_DELAY=100               #
#                          -DBEACON_REQ_DELAY_MASK=0x00FF                     #
#                          -DROUTE_EXPIRY_TIME=30 -DAPSC_ACK_WAIT_DURATION_PO #
#                          LLED=3000 -DNWK_INDIRECT_MSG_TIMEOUT=7             #
#                          -DMAX_RREQ_ENTRIES=8 -DAPSC_MAX_FRAME_RETRIES=3    #
#                          -DNWK_MAX_DATA_RETRIES=2                           #
#                          -DMAX_POLL_FAILURE_RETRIES=2 -DMAX_BCAST=9         #
#                          -DAPS_MAX_GROUPS=16 -DMAX_RTG_ENTRIES=40           #
#                          -DNWK_MAX_BINDING_ENTRIES=4                        #
#                          -DMAX_BINDING_CLUSTER_IDS=4 "-DDEFAULT_KEY={0x01,  #
#                          0x03, 0x05, 0x07, 0x09, 0x0B, 0x0D, 0x0F, 0x00,    #
#                          0x02, 0x04, 0x06, 0x08, 0x0A, 0x0C, 0x0D}"         #
#                          -DMAC_MAX_FRAME_SIZE=116 "-DCONST=const __code"    #
#                          -DGENERIC=__generic -DRFD_RCVC_ALWAYS_ON=FALSE     #
#                          -DPOLL_RATE=1000 -DQUEUED_POLL_RATE=100            #
#                          -DRESPONSE_POLL_RATE=100) -DREJOIN_POLL_RATE=440   #
#                          "C:\Texas Instruments\ZStack-CC2530-2.3.0-1.4.0\Pr #
#                          ojects\zstack\Samples\GenericApp\Source\Enddevice. #
#                          c" -D NWK_AUTO_POLL -D ZTOOL_P1 -D MT_TASK -D      #
#                          MT_SYS_FUNC -D MT_ZDO_FUNC -D LCD_SUPPORTED=DEBUG  #
#                          -D xPOWER_SAVING -lC "C:\Texas                     #
#                          Instruments\ZStack-CC2530-2.3.0-1.4.0\Projects\zst #
#                          ack\Samples\GenericApp\CC2530DB\EndDeviceEB\List\" #
#                           -lA "C:\Texas Instruments\ZStack-CC2530-2.3.0-1.4 #
#                          .0\Projects\zstack\Samples\GenericApp\CC2530DB\End #
#                          DeviceEB\List\" --diag_suppress Pe001,Pa010 -o     #
#                          "C:\Texas Instruments\ZStack-CC2530-2.3.0-1.4.0\Pr #
#                          ojects\zstack\Samples\GenericApp\CC2530DB\EndDevic #
#                          eEB\Obj\" -e --require_prototypes --debug          #
#                          --core=plain --dptr=16,1 --data_model=large        #
#                          --code_model=banked --calling_convention=xdata_ree #
#                          ntrant --place_constants=data_rom                  #
#                          --nr_virtual_regs 16 -I "C:\Texas                  #
#                          Instruments\ZStack-CC2530-2.3.0-1.4.0\Projects\zst #
#                          ack\Samples\GenericApp\CC2530DB\" -I "C:\Texas     #
#                          Instruments\ZStack-CC2530-2.3.0-1.4.0\Projects\zst #
#                          ack\Samples\GenericApp\CC2530DB\..\SOURCE\" -I     #
#                          "C:\Texas Instruments\ZStack-CC2530-2.3.0-1.4.0\Pr #
#                          ojects\zstack\Samples\GenericApp\CC2530DB\..\..\.. #
#                          \ZMAIN\TI2530DB\" -I "C:\Texas                     #
#                          Instruments\ZStack-CC2530-2.3.0-1.4.0\Projects\zst #
#                          ack\Samples\GenericApp\CC2530DB\..\..\..\..\..\COM #
#                          PONENTS\MT\" -I "C:\Texas                          #
#                          Instruments\ZStack-CC2530-2.3.0-1.4.0\Projects\zst #
#                          ack\Samples\GenericApp\CC2530DB\..\..\..\..\..\COM #
#                          PONENTS\HAL\INCLUDE\" -I "C:\Texas                 #
#                          Instruments\ZStack-CC2530-2.3.0-1.4.0\Projects\zst #
#                          ack\Samples\GenericApp\CC2530DB\..\..\..\..\..\COM #
#                          PONENTS\HAL\TARGET\CC2530EB\" -I "C:\Texas         #
#                          Instruments\ZStack-CC2530-2.3.0-1.4.0\Projects\zst #
#                          ack\Samples\GenericApp\CC2530DB\..\..\..\..\..\COM #
#                          PONENTS\OSAL\MCU\CCSOC\" -I "C:\Texas              #
#                          Instruments\ZStack-CC2530-2.3.0-1.4.0\Projects\zst #
#                          ack\Samples\GenericApp\CC2530DB\..\..\..\..\..\COM #
#                          PONENTS\OSAL\INCLUDE\" -I "C:\Texas                #
#                          Instruments\ZStack-CC2530-2.3.0-1.4.0\Projects\zst #
#                          ack\Samples\GenericApp\CC2530DB\..\..\..\..\..\COM #
#                          PONENTS\STACK\AF\" -I "C:\Texas                    #
#                          Instruments\ZStack-CC2530-2.3.0-1.4.0\Projects\zst #
#                          ack\Samples\GenericApp\CC2530DB\..\..\..\..\..\COM #
#                          PONENTS\STACK\NWK\" -I "C:\Texas                   #
#                          Instruments\ZStack-CC2530-2.3.0-1.4.0\Projects\zst #
#                          ack\Samples\GenericApp\CC2530DB\..\..\..\..\..\COM #
#                          PONENTS\STACK\SEC\" -I "C:\Texas                   #
#                          Instruments\ZStack-CC2530-2.3.0-1.4.0\Projects\zst #
#                          ack\Samples\GenericApp\CC2530DB\..\..\..\..\..\COM #
#                          PONENTS\STACK\SAPI\" -I "C:\Texas                  #
#                          Instruments\ZStack-CC2530-2.3.0-1.4.0\Projects\zst #
#                          ack\Samples\GenericApp\CC2530DB\..\..\..\..\..\COM #
#                          PONENTS\STACK\SYS\" -I "C:\Texas                   #
#                          Instruments\ZStack-CC2530-2.3.0-1.4.0\Projects\zst #
#                          ack\Samples\GenericApp\CC2530DB\..\..\..\..\..\COM #
#                          PONENTS\STACK\ZDO\" -I "C:\Texas                   #
#                          Instruments\ZStack-CC2530-2.3.0-1.4.0\Projects\zst #
#                          ack\Samples\GenericApp\CC2530DB\..\..\..\..\..\COM #
#                          PONENTS\ZMAC\F8W\" -I "C:\Texas                    #
#                          Instruments\ZStack-CC2530-2.3.0-1.4.0\Projects\zst #
#                          ack\Samples\GenericApp\CC2530DB\..\..\..\..\..\COM #
#                          PONENTS\ZMAC\" -I "C:\Texas                        #
#                          Instruments\ZStack-CC2530-2.3.0-1.4.0\Projects\zst #
#                          ack\Samples\GenericApp\CC2530DB\..\..\..\..\..\COM #
#                          PONENTS\SERVICES\SADDR\" -I "C:\Texas              #
#                          Instruments\ZStack-CC2530-2.3.0-1.4.0\Projects\zst #
#                          ack\Samples\GenericApp\CC2530DB\..\..\..\..\..\COM #
#                          PONENTS\SERVICES\SDATA\" -I "C:\Texas              #
#                          Instruments\ZStack-CC2530-2.3.0-1.4.0\Projects\zst #
#                          ack\Samples\GenericApp\CC2530DB\..\..\..\..\..\COM #
#                          PONENTS\MAC\INCLUDE\" -I "C:\Texas                 #
#                          Instruments\ZStack-CC2530-2.3.0-1.4.0\Projects\zst #
#                          ack\Samples\GenericApp\CC2530DB\..\..\..\..\..\COM #
#                          PONENTS\MAC\HIGH_LEVEL\" -I "C:\Texas              #
#                          Instruments\ZStack-CC2530-2.3.0-1.4.0\Projects\zst #
#                          ack\Samples\GenericApp\CC2530DB\..\..\..\..\..\COM #
#                          PONENTS\MAC\LOW_LEVEL\srf04\" -I "C:\Texas         #
#                          Instruments\ZStack-CC2530-2.3.0-1.4.0\Projects\zst #
#                          ack\Samples\GenericApp\CC2530DB\..\..\..\..\..\COM #
#                          PONENTS\MAC\LOW_LEVEL\srf04\SINGLE_CHIP\" -I       #
#                          "C:\Program Files\IAR Systems\Embedded Workbench   #
#                          5.3 Evaluation version\8051\INC\" -I "C:\Program   #
#                          Files\IAR Systems\Embedded Workbench 5.3           #
#                          Evaluation version\8051\INC\CLIB\" -Ohz            #
#    List file          =  C:\Texas Instruments\ZStack-CC2530-2.3.0-1.4.0\Pro #
#                          jects\zstack\Samples\GenericApp\CC2530DB\EndDevice #
#                          EB\List\Enddevice.lst                              #
#    Object file        =  C:\Texas Instruments\ZStack-CC2530-2.3.0-1.4.0\Pro #
#                          jects\zstack\Samples\GenericApp\CC2530DB\EndDevice #
#                          EB\Obj\Enddevice.r51                               #
#                                                                             #
#                                                                             #
###############################################################################

C:\Texas Instruments\ZStack-CC2530-2.3.0-1.4.0\Projects\zstack\Samples\GenericApp\Source\Enddevice.c
      1          #include "OSAL.h"
      2          #include "AF.h"
      3          #include "ZDApp.h"
      4          #include "ZDObject.h"
      5          #include "ZDProfile.h"
      6          #include <string.h>
      7          
      8          #include "Coordinator.h"
      9          
     10          #include "DebugTrace.h"
     11          #if !defined(WIN32)
     12          #include "OnBoard.h"
     13          #endif
     14          
     15          #include "hal_led.h"
     16          #include "hal_lcd.h"
     17          #include "hal_key.h"
     18          #include "hal_uart.h"
     19          //#include "Sensor.h"
     20          
     21          

   \                                 In  segment XDATA_ROM_C, align 1
     22          const cId_t GenericApp_ClusterList[GENERICAPP_MAX_CLUSTERS]={
   \                     GenericApp_ClusterList:
   \   000000   0100         DW 1
     23          GENERICAPP_CLUSTERID  \
     24           };
     25          

   \                                 In  segment XDATA_ROM_C, align 1
     26          const SimpleDescriptionFormat_t GenericApp_SimpleDesc=
   \                     GenericApp_SimpleDesc:
   \   000000   0A           DB 10
   \   000001   040F0100     DW 3844, 1
   \   000005   0000         DB 0, 0
   \   000007   0000         DW 0H
   \   000009   01           DB 1
   \   00000A   ....         DW GenericApp_ClusterList
     27          {
     28            GENERICAPP_ENDPOINT,
     29            GENERICAPP_PROFID,
     30            GENERICAPP_DEVICEID,
     31            GENERICAPP_DEVICE_VERSION,
     32            GENERICAPP_FLAGS,
     33            0,
     34            (cId_t *)NULL,
     35            GENERICAPP_MAX_CLUSTERS,
     36            (cId_t *)GenericApp_ClusterList,
     37          };

   \                                 In  segment XDATA_Z, align 1, keep-with-next
     38          endPointDesc_t GenericApp_epDesc;
   \                     GenericApp_epDesc:
   \   000000                DS 6
   \   000006                REQUIRE __INIT_XDATA_Z

   \                                 In  segment XDATA_Z, align 1, keep-with-next
     39          byte GenericApp_TaskID;
   \                     GenericApp_TaskID:
   \   000000                DS 1
   \   000001                REQUIRE __INIT_XDATA_Z

   \                                 In  segment XDATA_Z, align 1, keep-with-next
     40          byte GenericApp_TransID;
   \                     GenericApp_TransID:
   \   000000                DS 1
   \   000001                REQUIRE __INIT_XDATA_Z

   \                                 In  segment XDATA_Z, align 1, keep-with-next
     41          devStates_t GenericApp_NwkState;
   \                     GenericApp_NwkState:
   \   000000                DS 1
   \   000001                REQUIRE __INIT_XDATA_Z
     42          
     43          void GenericApp_MessageMSGCB(afIncomingMSGPacket_t *pckt);
     44          void GenericApp_SendTheMessage(void);
     45          

   \                                 In  segment BANKED_CODE, align 1, keep-with-next
     46          void GenericApp_Init(byte task_id)
   \                     GenericApp_Init:
     47          {
   \   000000   C082         PUSH    DPL
   \   000002   C083         PUSH    DPH
   \   000004                ; Saved register size: 2
   \   000004                ; Auto size: 0
     48          	GenericApp_TaskID		=task_id;
   \   000004   E9           MOV     A,R1
   \   000005   90....       MOV     DPTR,#GenericApp_TaskID
   \   000008   F0           MOVX    @DPTR,A
     49          	GenericApp_NwkState	=DEV_INIT;
   \   000009   7401         MOV     A,#0x1
   \   00000B   90....       MOV     DPTR,#GenericApp_NwkState
   \   00000E   F0           MOVX    @DPTR,A
     50          	GenericApp_TransID		=0;
   \   00000F   E4           CLR     A
   \   000010   90....       MOV     DPTR,#GenericApp_TransID
   \   000013   F0           MOVX    @DPTR,A
     51          	GenericApp_epDesc.endPoint=GENERICAPP_ENDPOINT;
   \   000014   740A         MOV     A,#0xa
   \   000016   90....       MOV     DPTR,#GenericApp_epDesc
   \   000019   F0           MOVX    @DPTR,A
     52          	GenericApp_epDesc.task_id=&GenericApp_TaskID;
   \   00001A   90....       MOV     DPTR,#(GenericApp_epDesc + 1)
   \   00001D   74..         MOV     A,#(GenericApp_TaskID & 0xff)
   \   00001F   F0           MOVX    @DPTR,A
   \   000020   A3           INC     DPTR
   \   000021   74..         MOV     A,#((GenericApp_TaskID >> 8) & 0xff)
   \   000023   F0           MOVX    @DPTR,A
     53          	GenericApp_epDesc.simpleDesc=(SimpleDescriptionFormat_t *)&GenericApp_SimpleDesc;
   \   000024   90....       MOV     DPTR,#(GenericApp_epDesc + 3)
   \   000027   74..         MOV     A,#(GenericApp_SimpleDesc & 0xff)
   \   000029   F0           MOVX    @DPTR,A
   \   00002A   A3           INC     DPTR
   \   00002B   74..         MOV     A,#((GenericApp_SimpleDesc >> 8) & 0xff)
   \   00002D   F0           MOVX    @DPTR,A
     54          	GenericApp_epDesc.latencyReq=noLatencyReqs;
   \   00002E   E4           CLR     A
   \   00002F   90....       MOV     DPTR,#(GenericApp_epDesc + 5)
   \   000032   F0           MOVX    @DPTR,A
     55          	afRegister(&GenericApp_epDesc);
   \   000033                ; Setup parameters for call to function afRegister
   \   000033   7A..         MOV     R2,#(GenericApp_epDesc & 0xff)
   \   000035   7B..         MOV     R3,#((GenericApp_epDesc >> 8) & 0xff)
   \   000037   12....       LCALL   ??afRegister?relay
     56          	
     57          }
   \   00003A   D083         POP     DPH
   \   00003C   D082         POP     DPL
   \   00003E   02....       LJMP    ?BRET
     58          

   \                                 In  segment BANKED_CODE, align 1, keep-with-next
     59          UINT16 GenericApp_ProcessEvent(byte tadk_id,UINT16 events)
   \                     GenericApp_ProcessEvent:
     60          {
   \   000000   74F4         MOV     A,#-0xc
   \   000002   12....       LCALL   ?BANKED_ENTER_XDATA
   \   000005                ; Saved register size: 12
   \   000005                ; Auto size: 0
   \   000005   8A..         MOV     ?V0 + 0,R2
   \   000007   8B..         MOV     ?V0 + 1,R3
     61          	afIncomingMSGPacket_t *MSGpkt;
     62          	if(events&SYS_EVENT_MSG)
   \   000009   7480         MOV     A,#-0x80
   \   00000B   55..         ANL     A,?V0 + 1
   \   00000D   F9           MOV     R1,A
   \   00000E   E4           CLR     A
   \   00000F   7001         JNZ     ??GenericApp_ProcessEvent_0
   \   000011   E9           MOV     A,R1
   \                     ??GenericApp_ProcessEvent_0:
   \   000012   6038         JZ      ??GenericApp_ProcessEvent_1
     63          		{
     64          			MSGpkt=(afIncomingMSGPacket_t *)osal_msg_receive(GenericApp_TaskID);
   \   000014                ; Setup parameters for call to function osal_msg_receive
   \   000014   8017         SJMP    ??GenericApp_ProcessEvent_2
     65          			while(MSGpkt)
     66          				{
     67          					switch(MSGpkt->hdr.event)
   \                     ??GenericApp_ProcessEvent_3:
   \   000016   8E82         MOV     DPL,R6
   \   000018   8F83         MOV     DPH,R7
   \   00001A   E0           MOVX    A,@DPTR
   \   00001B   641A         XRL     A,#0x1a
   \   00001D   7007         JNZ     ??GenericApp_ProcessEvent_4
     68          						{
     69          							case AF_INCOMING_MSG_CMD:
     70          								GenericApp_MessageMSGCB(MSGpkt);
   \   00001F                ; Setup parameters for call to function GenericApp_MessageMSGCB
   \   00001F   EE           MOV     A,R6
   \   000020   FA           MOV     R2,A
   \   000021   EF           MOV     A,R7
   \   000022   FB           MOV     R3,A
   \   000023   12....       LCALL   ??GenericApp_MessageMSGCB?relay
     71          						        default:
     72          									break;
     73          						}
     74          					osal_msg_deallocate((uint8 *) MSGpkt);
   \                     ??GenericApp_ProcessEvent_4:
   \   000026                ; Setup parameters for call to function osal_msg_deallocate
   \   000026   EE           MOV     A,R6
   \   000027   FA           MOV     R2,A
   \   000028   EF           MOV     A,R7
   \   000029   FB           MOV     R3,A
   \   00002A   12....       LCALL   ??osal_msg_deallocate?relay
     75          					MSGpkt=(afIncomingMSGPacket_t *)osal_msg_receive(GenericApp_TaskID);
   \   00002D                ; Setup parameters for call to function osal_msg_receive
   \                     ??GenericApp_ProcessEvent_2:
   \   00002D   90....       MOV     DPTR,#GenericApp_TaskID
   \   000030   E0           MOVX    A,@DPTR
   \   000031   F9           MOV     R1,A
   \   000032   12....       LCALL   ??osal_msg_receive?relay
   \   000035   8A..         MOV     ?V0 + 2,R2
   \   000037   8B..         MOV     ?V0 + 3,R3
   \   000039   AE..         MOV     R6,?V0 + 2
   \   00003B   AF..         MOV     R7,?V0 + 3
     76          				}
   \   00003D   EE           MOV     A,R6
   \   00003E   7001         JNZ     ??GenericApp_ProcessEvent_5
   \   000040   EF           MOV     A,R7
   \                     ??GenericApp_ProcessEvent_5:
   \   000041   70D3         JNZ     ??GenericApp_ProcessEvent_3
     77          			return (events ^SYS_EVENT_MSG);
   \   000043   AA..         MOV     R2,?V0 + 0
   \   000045   7480         MOV     A,#-0x80
   \   000047   65..         XRL     A,?V0 + 1
   \   000049   FB           MOV     R3,A
   \   00004A   8004         SJMP    ??GenericApp_ProcessEvent_6
     78          		
     79          		}
     80          
     81          	return 0;
   \                     ??GenericApp_ProcessEvent_1:
   \   00004C   7A00         MOV     R2,#0x0
   \   00004E   7B00         MOV     R3,#0x0
   \                     ??GenericApp_ProcessEvent_6:
   \   000050                REQUIRE ?Subroutine2
   \   000050                ; // Fall through to label ?Subroutine2
     82          }

   \                                 In  segment BANKED_CODE, align 1, keep-with-next
   \                     ?Subroutine2:
   \   000000   7F04         MOV     R7,#0x4
   \   000002   02....       LJMP    ?BANKED_LEAVE_XDATA

   \                                 In  segment BANKED_CODE, align 1, keep-with-next
     83          void GenericApp_MessageMSGCB(afIncomingMSGPacket_t * pkt)
   \                     GenericApp_MessageMSGCB:
     84          {
   \   000000   74F5         MOV     A,#-0xb
   \   000002   12....       LCALL   ?BANKED_ENTER_XDATA
   \   000005                ; Saved register size: 11
   \   000005                ; Auto size: 0
     85          	char  *recvbuf=NULL;
     86          	switch(pkt->clusterId)
   \   000005   8A82         MOV     DPL,R2
   \   000007   8B83         MOV     DPH,R3
   \   000009   A3           INC     DPTR
   \   00000A   A3           INC     DPTR
   \   00000B   A3           INC     DPTR
   \   00000C   A3           INC     DPTR
   \   00000D   E0           MOVX    A,@DPTR
   \   00000E   6401         XRL     A,#0x1
   \   000010   7002         JNZ     ??GenericApp_MessageMSGCB_0
   \   000012   A3           INC     DPTR
   \   000013   E0           MOVX    A,@DPTR
   \                     ??GenericApp_MessageMSGCB_0:
   \   000014   704A         JNZ     ??GenericApp_MessageMSGCB_1
     87          		{
     88          			case GENERICAPP_CLUSTERID:
     89          				osal_memcpy(recvbuf,pkt->cmd.Data,osal_strlen("Coordinator send!")+1);
   \   000016                ; Setup parameters for call to function osal_memcpy
   \   000016   EA           MOV     A,R2
   \   000017   2421         ADD     A,#0x21
   \   000019   F582         MOV     DPL,A
   \   00001B   EB           MOV     A,R3
   \   00001C   3400         ADDC    A,#0x0
   \   00001E   F583         MOV     DPH,A
   \   000020   E0           MOVX    A,@DPTR
   \   000021   F5..         MOV     ?V0 + 0,A
   \   000023   A3           INC     DPTR
   \   000024   E0           MOVX    A,@DPTR
   \   000025   F5..         MOV     ?V0 + 1,A
   \   000027   75..00       MOV     ?V0 + 2,#0x0
   \   00002A   78..         MOV     R0,#?V0 + 0
   \   00002C   12....       LCALL   ?PUSH_XSTACK_I_THREE
   \   00002F                ; Setup parameters for call to function osal_strlen
   \   00002F   12....       LCALL   ?Subroutine0 & 0xFFFF
   \                     ??CrossCallReturnLabel_0:
   \   000032   7A00         MOV     R2,#0x0
   \   000034   7B00         MOV     R3,#0x0
   \   000036   12....       LCALL   ??osal_memcpy?relay
   \   000039   7403         MOV     A,#0x3
   \   00003B   12....       LCALL   ?DEALLOC_XSTACK8
     90          				if(osal_memcmp(recvbuf,"Coordinator send!",osal_strlen("Coordinator send!")+1))
   \   00003E                ; Setup parameters for call to function osal_memcmp
   \   00003E   75....       MOV     ?V0 + 0,#(`?<Constant "Coordinator send!">` & 0xff)
   \   000041   75....       MOV     ?V0 + 1,#((`?<Constant "Coordinator send!">` >> 8) & 0xff)
   \   000044   78..         MOV     R0,#?V0 + 0
   \   000046   12....       LCALL   ?PUSH_XSTACK_I_THREE
   \   000049                ; Setup parameters for call to function osal_strlen
   \   000049   12....       LCALL   ?Subroutine0 & 0xFFFF
   \                     ??CrossCallReturnLabel_1:
   \   00004C   7900         MOV     R1,#0x0
   \   00004E   7A00         MOV     R2,#0x0
   \   000050   7B00         MOV     R3,#0x0
   \   000052   12....       LCALL   ??osal_memcmp?relay
   \   000055   7403         MOV     A,#0x3
   \   000057   12....       LCALL   ?DEALLOC_XSTACK8
   \   00005A   E9           MOV     A,R1
   \   00005B   6003         JZ      ??GenericApp_MessageMSGCB_1
     91          					{
     92          						GenericApp_SendTheMessage();
   \   00005D                ; Setup parameters for call to function GenericApp_SendTheMessage
   \   00005D   12....       LCALL   ??GenericApp_SendTheMessage?relay
     93          					}
     94          		}
     95          }
   \                     ??GenericApp_MessageMSGCB_1:
   \   000060   7F03         MOV     R7,#0x3
   \   000062   02....       LJMP    ?BANKED_LEAVE_XDATA

   \                                 In  segment BANKED_CODE, align 1, keep-with-next
   \                     ?Subroutine0:
   \   000000   7A..         MOV     R2,#(`?<Constant "Coordinator send!">` & 0xff)
   \   000002   7B..         MOV     R3,#((`?<Constant "Coordinator send!">` >> 8) & 0xff)
   \   000004   12....       LCALL   ?Subroutine1 & 0xFFFF
   \                     ??CrossCallReturnLabel_2:
   \   000007   FC           MOV     R4,A
   \   000008   E4           CLR     A
   \   000009   35..         ADDC    A,?V0 + 1
   \   00000B   FD           MOV     R5,A
   \   00000C   22           RET

   \                                 In  segment BANKED_CODE, align 1, keep-with-next
   \                     ?Subroutine1:
   \   000000   12....       LCALL   ??osal_strlen?relay
   \   000003   8A..         MOV     ?V0 + 0,R2
   \   000005   8B..         MOV     ?V0 + 1,R3
   \   000007   7401         MOV     A,#0x1
   \   000009   25..         ADD     A,?V0 + 0
   \   00000B   22           RET

   \                                 In  segment BANKED_CODE, align 1, keep-with-next
     96          void GenericApp_SendTheMessage(void)
   \                     GenericApp_SendTheMessage:
     97          {
   \   000000   74F4         MOV     A,#-0xc
   \   000002   12....       LCALL   ?BANKED_ENTER_XDATA
   \   000005                ; Saved register size: 12
   \   000005                ; Auto size: 12
   \   000005   74F4         MOV     A,#-0xc
   \   000007   12....       LCALL   ?ALLOC_XSTACK8
     98          	unsigned char *theMessageData="EndDevice received!";
     99          	afAddrType_t my_DstAddr;
    100          	my_DstAddr.addrMode=(afAddrMode_t)Addr16Bit;
   \   00000A   7408         MOV     A,#0x8
   \   00000C   12....       LCALL   ?XSTACK_DISP0_8
   \   00000F   7402         MOV     A,#0x2
   \   000011   F0           MOVX    @DPTR,A
    101          	my_DstAddr.endPoint=GENERICAPP_ENDPOINT;
   \   000012   7409         MOV     A,#0x9
   \   000014   12....       LCALL   ?XSTACK_DISP0_8
   \   000017   740A         MOV     A,#0xa
   \   000019   F0           MOVX    @DPTR,A
    102          	my_DstAddr.addr.shortAddr=0x0000;
   \   00001A   85..82       MOV     DPL,?XSP + 0
   \   00001D   85..83       MOV     DPH,?XSP + 1
   \   000020   E4           CLR     A
   \   000021   F0           MOVX    @DPTR,A
   \   000022   A3           INC     DPTR
   \   000023   F0           MOVX    @DPTR,A
    103          	AF_DataRequest(&my_DstAddr, &GenericApp_epDesc, GENERICAPP_CLUSTERID, 
    104          					osal_strlen((char *)theMessageData)+1,
    105          					theMessageData,
    106          					&GenericApp_TransID,
    107          					AF_DISCV_ROUTE,
    108          					AF_DEFAULT_RADIUS);
   \   000024   75....       MOV     ?V0 + 0,#(`?<Constant "EndDevice received!">` & 0xff)
   \   000027   75....       MOV     ?V0 + 1,#((`?<Constant "EndDevice received!">` >> 8) & 0xff)
   \   00002A                ; Setup parameters for call to function AF_DataRequest
   \   00002A   75..1E       MOV     ?V0 + 2,#0x1e
   \   00002D   78..         MOV     R0,#?V0 + 2
   \   00002F   12....       LCALL   ?PUSH_XSTACK_I_ONE
   \   000032   75....       MOV     ?V0 + 2,#(GenericApp_TransID & 0xff)
   \   000035   75....       MOV     ?V0 + 3,#((GenericApp_TransID >> 8) & 0xff)
   \   000038   78..         MOV     R0,#?V0 + 2
   \   00003A   12....       LCALL   ?PUSH_XSTACK_I_TWO
   \   00003D   78..         MOV     R0,#?V0 + 0
   \   00003F   12....       LCALL   ?PUSH_XSTACK_I_TWO
   \   000042                ; Setup parameters for call to function osal_strlen
   \   000042   7A..         MOV     R2,#(`?<Constant "EndDevice received!">` & 0xff)
   \   000044   7B..         MOV     R3,#((`?<Constant "EndDevice received!">` >> 8) & 0xff)
   \   000046   12....       LCALL   ?Subroutine1 & 0xFFFF
   \                     ??CrossCallReturnLabel_3:
   \   000049   F5..         MOV     ?V0 + 0,A
   \   00004B   E4           CLR     A
   \   00004C   35..         ADDC    A,?V0 + 1
   \   00004E   F5..         MOV     ?V0 + 1,A
   \   000050   78..         MOV     R0,#?V0 + 0
   \   000052   12....       LCALL   ?PUSH_XSTACK_I_TWO
   \   000055   75..01       MOV     ?V0 + 0,#0x1
   \   000058   75..00       MOV     ?V0 + 1,#0x0
   \   00005B   78..         MOV     R0,#?V0 + 0
   \   00005D   12....       LCALL   ?PUSH_XSTACK_I_TWO
   \   000060   7920         MOV     R1,#0x20
   \   000062   7C..         MOV     R4,#(GenericApp_epDesc & 0xff)
   \   000064   7D..         MOV     R5,#((GenericApp_epDesc >> 8) & 0xff)
   \   000066   7409         MOV     A,#0x9
   \   000068   12....       LCALL   ?XSTACK_DISP0_8
   \   00006B   AA82         MOV     R2,DPL
   \   00006D   AB83         MOV     R3,DPH
   \   00006F   12....       LCALL   ??AF_DataRequest?relay
   \   000072   7409         MOV     A,#0x9
   \   000074   12....       LCALL   ?DEALLOC_XSTACK8
    109          	HalLedSet(HAL_LED_2,HAL_LED_MODE_TOGGLE);
   \   000077                ; Setup parameters for call to function HalLedSet
   \   000077   7A08         MOV     R2,#0x8
   \   000079   7902         MOV     R1,#0x2
   \   00007B   12....       LCALL   ??HalLedSet?relay
    110          
    111          		
    112          }
   \   00007E   740C         MOV     A,#0xc
   \   000080   12....       LCALL   ?DEALLOC_XSTACK8
   \   000083   02....       LJMP    ?Subroutine2 & 0xFFFF

   \                                 In  segment BANK_RELAYS, align 1
   \                     ??GenericApp_Init?relay:
   \   000000   12....       LCALL   ?BDISPATCH
   \   000003   ......       DC24    GenericApp_Init

   \                                 In  segment BANK_RELAYS, align 1
   \                     ??GenericApp_ProcessEvent?relay:
   \   000000   12....       LCALL   ?BDISPATCH
   \   000003   ......       DC24    GenericApp_ProcessEvent

   \                                 In  segment BANK_RELAYS, align 1
   \                     ??GenericApp_MessageMSGCB?relay:
   \   000000   12....       LCALL   ?BDISPATCH
   \   000003   ......       DC24    GenericApp_MessageMSGCB

   \                                 In  segment BANK_RELAYS, align 1
   \                     ??GenericApp_SendTheMessage?relay:
   \   000000   12....       LCALL   ?BDISPATCH
   \   000003   ......       DC24    GenericApp_SendTheMessage

   \                                 In  segment XDATA_ROM_C, align 1
   \                     `?<Constant "Coordinator send!">`:
   \   000000   436F6F72     DB "Coordinator send!"
   \            64696E61
   \            746F7220
   \            73656E64
   \            2100    

   \                                 In  segment XDATA_ROM_C, align 1
   \                     `?<Constant "EndDevice received!">`:
   \   000000   456E6444     DB "EndDevice received!"
   \            65766963
   \            65207265
   \            63656976
   \            65642100
    113          
    114          
    115          
    116          
    117          

   Maximum stack usage in bytes:

     Function                       ISTACK PSTACK XSTACK
     --------                       ------ ------ ------
     GenericApp_Init                    2      0      0
       -> afRegister                    4      0      0
     GenericApp_MessageMSGCB            0      0     26
       -> osal_strlen                   0      0     28
       -> osal_memcpy                   0      0     28
       -> osal_strlen                   0      0     28
       -> osal_memcmp                   0      0     28
       -> GenericApp_SendTheMessage     0      0     22
     GenericApp_ProcessEvent            0      0     12
       -> osal_msg_receive              0      0     24
       -> GenericApp_MessageMSGCB       0      0     24
       -> osal_msg_deallocate           0      0     24
       -> osal_msg_receive              0      0     24
     GenericApp_SendTheMessage          1      0     44
       -> osal_strlen                   0      0     58
       -> AF_DataRequest                0      0     66
       -> HalLedSet                     0      0     48


   Segment part sizes:

     Function/Label                    Bytes
     --------------                    -----
     GenericApp_ClusterList               2
     GenericApp_SimpleDesc               12
     GenericApp_epDesc                    6
     GenericApp_TaskID                    1
     GenericApp_TransID                   1
     GenericApp_NwkState                  1
     GenericApp_Init                     65
     GenericApp_ProcessEvent             80
     ?Subroutine2                         5
     GenericApp_MessageMSGCB            101
     ?Subroutine0                        13
     ?Subroutine1                        12
     GenericApp_SendTheMessage          134
     ??GenericApp_Init?relay              6
     ??GenericApp_ProcessEvent?relay      6
     ??GenericApp_MessageMSGCB?relay      6
     ??GenericApp_SendTheMessage?relay    6
     ?<Constant "Coordinator send!">     18
     ?<Constant "EndDevice received!">   20

 
 410 bytes in segment BANKED_CODE
  24 bytes in segment BANK_RELAYS
  52 bytes in segment XDATA_ROM_C
   9 bytes in segment XDATA_Z
 
 434 bytes of CODE  memory
  52 bytes of CONST memory
   9 bytes of XDATA memory

Errors: none
Warnings: none
